{
  "RSpec": {
    "coverage": {
      "/Users/Kath/Documents/Coder-Factory/3.Rails/9.3/snap/app/helpers/albums_helper.rb": [
        1,
        null
      ],
      "/Users/Kath/Documents/Coder-Factory/3.Rails/9.3/snap/app/helpers/application_helper.rb": [
        1,
        null
      ],
      "/Users/Kath/Documents/Coder-Factory/3.Rails/9.3/snap/app/helpers/photos_helper.rb": [
        1,
        null
      ],
      "/Users/Kath/Documents/Coder-Factory/3.Rails/9.3/snap/app/controllers/albums_controller.rb": [
        1,
        1,
        null,
        null,
        null,
        1,
        1,
        null,
        null,
        null,
        null,
        1,
        1,
        null,
        null,
        null,
        1,
        1,
        null,
        null,
        null,
        1,
        null,
        null,
        null,
        1,
        4,
        null,
        4,
        4,
        4,
        2,
        null,
        4,
        2,
        null,
        null,
        null,
        null,
        null,
        null,
        1,
        5,
        5,
        6,
        3,
        null,
        4,
        2,
        null,
        null,
        null,
        null,
        null,
        null,
        1,
        3,
        3,
        6,
        3,
        null,
        null,
        null,
        1,
        null,
        1,
        11,
        null,
        null,
        null,
        1,
        9,
        null,
        null
      ],
      "/Users/Kath/Documents/Coder-Factory/3.Rails/9.3/snap/app/controllers/application_controller.rb": [
        1,
        null,
        null,
        1,
        null
      ],
      "/Users/Kath/Documents/Coder-Factory/3.Rails/9.3/snap/app/models/album.rb": [
        1,
        1,
        1,
        null
      ]
    },
    "timestamp": 1433894437
  }
}
